Using pre-set license
Built from '2020.3/staging' branch; Version is '2020.3.10f1 (297d780c91bc) revision 2719096'; Using compiler version '192528614'; Build Type 'Release'
OS: 'Windows 10 Pro; OS build 19042.1237; Version 2009; 64bit' Language: 'en' Physical Memory: 32679 MB
BatchMode: 1, IsHumanControllingUs: 0, StartBugReporterOnCrash: 0, Is64bit: 1, IsPro: 0

 COMMAND LINE ARGUMENTS:
C:\Program Files\Unity\Hub\Editor\2020.3.10f1\Editor\Unity.exe
-adb2
-batchMode
-noUpm
-name
AssetImportWorker0
-projectPath
D:/GitHub/MiPrimerJuego2D-CapacitacionOct2021
-logFile
Logs/AssetImportWorker0.log
-srvPort
64285
Successfully changed project path to: D:/GitHub/MiPrimerJuego2D-CapacitacionOct2021
D:/GitHub/MiPrimerJuego2D-CapacitacionOct2021
Using Asset Import Pipeline V2.
Refreshing native plugins compatible for Editor in 47.74 ms, found 3 plugins.
Preloading 0 native plugins for Editor in 0.00 ms.
Initialize engine version: 2020.3.10f1 (297d780c91bc)
[Subsystems] Discovering subsystems at path C:/Program Files/Unity/Hub/Editor/2020.3.10f1/Editor/Data/Resources/UnitySubsystems
[Subsystems] Discovering subsystems at path D:/GitHub/MiPrimerJuego2D-CapacitacionOct2021/Assets
GfxDevice: creating device client; threaded=0
Direct3D:
    Version:  Direct3D 11.0 [level 11.1]
    Renderer: NVIDIA GeForce RTX 3070 (ID=0x2484)
    Vendor:   
    VRAM:     8043 MB
    Driver:   30.0.14.7111
Initialize mono
Mono path[0] = 'C:/Program Files/Unity/Hub/Editor/2020.3.10f1/Editor/Data/Managed'
Mono path[1] = 'C:/Program Files/Unity/Hub/Editor/2020.3.10f1/Editor/Data/MonoBleedingEdge/lib/mono/unityjit'
Mono config path = 'C:/Program Files/Unity/Hub/Editor/2020.3.10f1/Editor/Data/MonoBleedingEdge/etc'
Using monoOptions --debugger-agent=transport=dt_socket,embedding=1,server=y,suspend=n,address=127.0.0.1:56536
Begin MonoManager ReloadAssembly
Registering precompiled unity dll's ...
Register platform support module: C:/Program Files/Unity/Hub/Editor/2020.3.10f1/Editor/Data/PlaybackEngines/WebGLSupport/UnityEditor.WebGL.Extensions.dll
Register platform support module: C:/Program Files/Unity/Hub/Editor/2020.3.10f1/Editor/Data/PlaybackEngines/WindowsStandaloneSupport/UnityEditor.WindowsStandalone.Extensions.dll
Register platform support module: C:/Program Files/Unity/Hub/Editor/2020.3.10f1/Editor/Data/PlaybackEngines/LinuxStandaloneSupport/UnityEditor.LinuxStandalone.Extensions.dll
Registered in 0.001970 seconds.
Native extension for LinuxStandalone target not found
Native extension for WindowsStandalone target not found
Native extension for WebGL target not found
Refreshing native plugins compatible for Editor in 43.21 ms, found 3 plugins.
Preloading 0 native plugins for Editor in 0.00 ms.
Mono: successfully reloaded assembly
- Completed reload, in  1.441 seconds
Platform modules already initialized, skipping
Registering precompiled user dll's ...
Registered in 0.001622 seconds.
Begin MonoManager ReloadAssembly
Native extension for LinuxStandalone target not found
Native extension for WindowsStandalone target not found
Native extension for WebGL target not found
Refreshing native plugins compatible for Editor in 43.80 ms, found 3 plugins.
Preloading 0 native plugins for Editor in 0.00 ms.
Mono: successfully reloaded assembly
- Completed reload, in  0.875 seconds
Platform modules already initialized, skipping
========================================================================
Worker process is ready to serve import requests
Launched and connected shader compiler UnityShaderCompiler.exe after 0.03 seconds
Refreshing native plugins compatible for Editor in 0.61 ms, found 3 plugins.
Preloading 0 native plugins for Editor in 0.00 ms.
Unloading 2100 Unused Serialized files (Serialized files now loaded: 0)
System memory in use before: 93.3 MB.
System memory in use after: 93.4 MB.

Unloading 26 unused Assets to reduce memory usage. Loaded Objects now: 2539.
Total: 2.148700 ms (FindLiveObjects: 0.209100 ms CreateObjectMapping: 0.052800 ms MarkObjects: 1.827100 ms  DeleteObjects: 0.058900 ms)

========================================================================
Received Import Request.
  path: Assets/Rebote.physicsMaterial2D
  artifactKey: Guid(ef480b3d21069474a9ca57eaab521958) Importer(815301076,1909f56bfc062723c751e8b465ee728b)
Start importing Assets/Rebote.physicsMaterial2D using Guid(ef480b3d21069474a9ca57eaab521958) Importer(815301076,1909f56bfc062723c751e8b465ee728b)  -> (artifact id: '87188bca95a81882b2f8d86d5bd449a3') in 0.030763 seconds
  Import took 0.033861 seconds .

========================================================================
Received Import Request.
  Time since last request: 3.576525 seconds.
  path: Assets/Scenes
  artifactKey: Guid(6b8b94b1be5194c42942585072401049) Importer(815301076,1909f56bfc062723c751e8b465ee728b)
Start importing Assets/Scenes using Guid(6b8b94b1be5194c42942585072401049) Importer(815301076,1909f56bfc062723c751e8b465ee728b)  -> (artifact id: '32aad45c9acb51866483445685df3ba8') in 0.006064 seconds
  Import took 0.009101 seconds .

========================================================================
Received Import Request.
  Time since last request: 0.002235 seconds.
  path: Assets/Scenes
  artifactKey: Guid(6b8b94b1be5194c42942585072401049) Importer(815301076,1909f56bfc062723c751e8b465ee728b)
Start importing Assets/Scenes using Guid(6b8b94b1be5194c42942585072401049) Importer(815301076,1909f56bfc062723c751e8b465ee728b)  -> (artifact id: '32aad45c9acb51866483445685df3ba8') in 0.001399 seconds
  Import took 0.004026 seconds .

========================================================================
Received Import Request.
  Time since last request: 5.923502 seconds.
  path: Assets/Scenes/SampleScene.unity
  artifactKey: Guid(2cda990e2423bbf4892e6590ba056729) Importer(815301076,1909f56bfc062723c751e8b465ee728b)
Start importing Assets/Scenes/SampleScene.unity using Guid(2cda990e2423bbf4892e6590ba056729) Importer(815301076,1909f56bfc062723c751e8b465ee728b)  -> (artifact id: 'e90d4a16ac3c46bd79ce6fe2e5ed5b96') in 0.007205 seconds
  Import took 0.010281 seconds .

========================================================================
Received Prepare
Registering precompiled user dll's ...
Registered in 0.002567 seconds.
Begin MonoManager ReloadAssembly
Native extension for LinuxStandalone target not found
Native extension for WindowsStandalone target not found
Native extension for WebGL target not found
Refreshing native plugins compatible for Editor in 0.61 ms, found 3 plugins.
Preloading 0 native plugins for Editor in 0.00 ms.
Mono: successfully reloaded assembly
- Completed reload, in  0.766 seconds
Platform modules already initialized, skipping
Refreshing native plugins compatible for Editor in 0.52 ms, found 3 plugins.
Preloading 0 native plugins for Editor in 0.00 ms.
Unloading 2090 Unused Serialized files (Serialized files now loaded: 0)
System memory in use before: 92.8 MB.
System memory in use after: 92.9 MB.

Unloading 14 unused Assets to reduce memory usage. Loaded Objects now: 2542.
Total: 2.410500 ms (FindLiveObjects: 0.201200 ms CreateObjectMapping: 0.046700 ms MarkObjects: 2.140700 ms  DeleteObjects: 0.020800 ms)

AssetImportWorkerClient::OnTransportError - code=2 error=End of file
