Using pre-set license
Built from '2020.3/staging' branch; Version is '2020.3.10f1 (297d780c91bc) revision 2719096'; Using compiler version '192528614'; Build Type 'Release'
OS: 'Windows 10 Pro; OS build 19042.1237; Version 2009; 64bit' Language: 'en' Physical Memory: 32679 MB
BatchMode: 1, IsHumanControllingUs: 0, StartBugReporterOnCrash: 0, Is64bit: 1, IsPro: 0

 COMMAND LINE ARGUMENTS:
C:\Program Files\Unity\Hub\Editor\2020.3.10f1\Editor\Unity.exe
-adb2
-batchMode
-noUpm
-name
AssetImportWorker0
-projectPath
D:/GitHub/MiPrimerJuego2D-CapacitacionOct2021
-logFile
Logs/AssetImportWorker0.log
-srvPort
55742
Successfully changed project path to: D:/GitHub/MiPrimerJuego2D-CapacitacionOct2021
D:/GitHub/MiPrimerJuego2D-CapacitacionOct2021
Using Asset Import Pipeline V2.
Refreshing native plugins compatible for Editor in 46.62 ms, found 3 plugins.
Preloading 0 native plugins for Editor in 0.00 ms.
Initialize engine version: 2020.3.10f1 (297d780c91bc)
[Subsystems] Discovering subsystems at path C:/Program Files/Unity/Hub/Editor/2020.3.10f1/Editor/Data/Resources/UnitySubsystems
[Subsystems] Discovering subsystems at path D:/GitHub/MiPrimerJuego2D-CapacitacionOct2021/Assets
GfxDevice: creating device client; threaded=0
Direct3D:
    Version:  Direct3D 11.0 [level 11.1]
    Renderer: NVIDIA GeForce RTX 3070 (ID=0x2484)
    Vendor:   
    VRAM:     8043 MB
    Driver:   30.0.14.7111
Initialize mono
Mono path[0] = 'C:/Program Files/Unity/Hub/Editor/2020.3.10f1/Editor/Data/Managed'
Mono path[1] = 'C:/Program Files/Unity/Hub/Editor/2020.3.10f1/Editor/Data/MonoBleedingEdge/lib/mono/unityjit'
Mono config path = 'C:/Program Files/Unity/Hub/Editor/2020.3.10f1/Editor/Data/MonoBleedingEdge/etc'
Using monoOptions --debugger-agent=transport=dt_socket,embedding=1,server=y,suspend=n,address=127.0.0.1:56596
Begin MonoManager ReloadAssembly
Registering precompiled unity dll's ...
Register platform support module: C:/Program Files/Unity/Hub/Editor/2020.3.10f1/Editor/Data/PlaybackEngines/WebGLSupport/UnityEditor.WebGL.Extensions.dll
Register platform support module: C:/Program Files/Unity/Hub/Editor/2020.3.10f1/Editor/Data/PlaybackEngines/WindowsStandaloneSupport/UnityEditor.WindowsStandalone.Extensions.dll
Register platform support module: C:/Program Files/Unity/Hub/Editor/2020.3.10f1/Editor/Data/PlaybackEngines/LinuxStandaloneSupport/UnityEditor.LinuxStandalone.Extensions.dll
Registered in 0.002006 seconds.
Native extension for LinuxStandalone target not found
Native extension for WindowsStandalone target not found
Native extension for WebGL target not found
Refreshing native plugins compatible for Editor in 45.68 ms, found 3 plugins.
Preloading 0 native plugins for Editor in 0.00 ms.
Mono: successfully reloaded assembly
- Completed reload, in  1.498 seconds
Platform modules already initialized, skipping
Registering precompiled user dll's ...
Registered in 0.001769 seconds.
Begin MonoManager ReloadAssembly
Native extension for LinuxStandalone target not found
Native extension for WindowsStandalone target not found
Native extension for WebGL target not found
Refreshing native plugins compatible for Editor in 45.18 ms, found 3 plugins.
Preloading 0 native plugins for Editor in 0.00 ms.
Mono: successfully reloaded assembly
- Completed reload, in  0.908 seconds
Platform modules already initialized, skipping
========================================================================
Worker process is ready to serve import requests
Launched and connected shader compiler UnityShaderCompiler.exe after 0.03 seconds
Refreshing native plugins compatible for Editor in 0.93 ms, found 3 plugins.
Preloading 0 native plugins for Editor in 0.00 ms.
Unloading 2138 Unused Serialized files (Serialized files now loaded: 0)
System memory in use before: 95.1 MB.
System memory in use after: 95.1 MB.

Unloading 26 unused Assets to reduce memory usage. Loaded Objects now: 2578.
Total: 2.174400 ms (FindLiveObjects: 0.221000 ms CreateObjectMapping: 0.049500 ms MarkObjects: 1.837300 ms  DeleteObjects: 0.065600 ms)

========================================================================
Received Import Request.
  path: Assets
  artifactKey: Guid(00000000000000001000000000000000) Importer(815301076,1909f56bfc062723c751e8b465ee728b)
Start importing Assets using Guid(00000000000000001000000000000000) Importer(815301076,1909f56bfc062723c751e8b465ee728b)  -> (artifact id: '42d402b061de3733987d63b9cc3b64de') in 0.008325 seconds
  Import took 0.011334 seconds .

========================================================================
Received Import Request.
  Time since last request: 0.000193 seconds.
  path: Assets/Tilemaps
  artifactKey: Guid(4ebcd98ea0381604a8701bb35f9311a0) Importer(815301076,1909f56bfc062723c751e8b465ee728b)
Start importing Assets/Tilemaps using Guid(4ebcd98ea0381604a8701bb35f9311a0) Importer(815301076,1909f56bfc062723c751e8b465ee728b)  -> (artifact id: '2e25ee3dcd3f6946c20b5daec5cbc82b') in 0.005756 seconds
  Import took 0.009726 seconds .

========================================================================
Received Import Request.
  Time since last request: 1.395059 seconds.
  path: Assets/Tilemaps/Suelo.prefab
  artifactKey: Guid(48602bd1cdbaeea418e5a998fa4e6465) Importer(815301076,1909f56bfc062723c751e8b465ee728b)
Start importing Assets/Tilemaps/Suelo.prefab using Guid(48602bd1cdbaeea418e5a998fa4e6465) Importer(815301076,1909f56bfc062723c751e8b465ee728b)  -> (artifact id: '909f6a389542c95d87c92bda553da958') in 0.067597 seconds
  Import took 0.070866 seconds .

========================================================================
Received Import Request.
  Time since last request: 517.522811 seconds.
  path: Assets/Moneda.asset
  artifactKey: Guid(dcb9aa86139a66c43936aac3af6bc2bf) Importer(815301076,1909f56bfc062723c751e8b465ee728b)
Start importing Assets/Moneda.asset using Guid(dcb9aa86139a66c43936aac3af6bc2bf) Importer(815301076,1909f56bfc062723c751e8b465ee728b)  -> (artifact id: 'e57206243db850ddbc3a8100414d56ea') in 0.010292 seconds
  Import took 0.013619 seconds .

========================================================================
Received Prepare
Registering precompiled user dll's ...
Registered in 0.001742 seconds.
Begin MonoManager ReloadAssembly
Native extension for LinuxStandalone target not found
Native extension for WindowsStandalone target not found
Native extension for WebGL target not found
Refreshing native plugins compatible for Editor in 0.70 ms, found 3 plugins.
Preloading 0 native plugins for Editor in 0.00 ms.
Mono: successfully reloaded assembly
- Completed reload, in  0.796 seconds
Platform modules already initialized, skipping
Refreshing native plugins compatible for Editor in 0.67 ms, found 3 plugins.
Preloading 0 native plugins for Editor in 0.00 ms.
Unloading 2127 Unused Serialized files (Serialized files now loaded: 0)
System memory in use before: 94.5 MB.
System memory in use after: 94.6 MB.

Unloading 14 unused Assets to reduce memory usage. Loaded Objects now: 2581.
Total: 2.592100 ms (FindLiveObjects: 0.252700 ms CreateObjectMapping: 0.053500 ms MarkObjects: 2.269300 ms  DeleteObjects: 0.015700 ms)

========================================================================
Received Import Request.
  Time since last request: 720.989226 seconds.
  path: Assets/Moneda.prefab
  artifactKey: Guid(87d12330d3b792742b0063a1a5cc5721) Importer(815301076,1909f56bfc062723c751e8b465ee728b)
Start importing Assets/Moneda.prefab using Guid(87d12330d3b792742b0063a1a5cc5721) Importer(815301076,1909f56bfc062723c751e8b465ee728b)  -> (artifact id: '56ad863f9ef42ea73273b2bc35f2f910') in 0.078169 seconds
  Import took 0.081340 seconds .

========================================================================
Received Import Request.
  Time since last request: 719.612501 seconds.
  path: Assets/Scripts
  artifactKey: Guid(8ec11e93f13769442a7868d4e6a87531) Importer(815301076,1909f56bfc062723c751e8b465ee728b)
Start importing Assets/Scripts using Guid(8ec11e93f13769442a7868d4e6a87531) Importer(815301076,1909f56bfc062723c751e8b465ee728b)  -> (artifact id: '0203a71631243ae63f2ea279ee35a8f7') in 0.006129 seconds
  Import took 0.009487 seconds .

========================================================================
Received Import Request.
  Time since last request: 59.028940 seconds.
  path: Assets/Scripts/Moneda.cs
  artifactKey: Guid(ec34e0690ed2b5d4fbf3d8a324d3cc96) Importer(815301076,1909f56bfc062723c751e8b465ee728b)
Start importing Assets/Scripts/Moneda.cs using Guid(ec34e0690ed2b5d4fbf3d8a324d3cc96) Importer(815301076,1909f56bfc062723c751e8b465ee728b)  -> (artifact id: 'f0fa4f7ec548e4c60c17258e429c6609') in 0.004974 seconds
  Import took 0.008155 seconds .

========================================================================
Received Prepare
Registering precompiled user dll's ...
Registered in 0.001678 seconds.
Begin MonoManager ReloadAssembly
Native extension for LinuxStandalone target not found
Native extension for WindowsStandalone target not found
Native extension for WebGL target not found
Refreshing native plugins compatible for Editor in 0.61 ms, found 3 plugins.
Preloading 0 native plugins for Editor in 0.00 ms.
Mono: successfully reloaded assembly
- Completed reload, in  0.797 seconds
Platform modules already initialized, skipping
Refreshing native plugins compatible for Editor in 0.62 ms, found 3 plugins.
Preloading 0 native plugins for Editor in 0.00 ms.
Unloading 2128 Unused Serialized files (Serialized files now loaded: 0)
System memory in use before: 97.5 MB.
System memory in use after: 97.6 MB.

Unloading 14 unused Assets to reduce memory usage. Loaded Objects now: 2592.
Total: 2.072900 ms (FindLiveObjects: 0.218100 ms CreateObjectMapping: 0.057100 ms MarkObjects: 1.782600 ms  DeleteObjects: 0.014100 ms)

========================================================================
Received Prepare
Registering precompiled user dll's ...
Registered in 0.001839 seconds.
Begin MonoManager ReloadAssembly
Native extension for LinuxStandalone target not found
Native extension for WindowsStandalone target not found
Native extension for WebGL target not found
Refreshing native plugins compatible for Editor in 0.78 ms, found 3 plugins.
Preloading 0 native plugins for Editor in 0.00 ms.
Mono: successfully reloaded assembly
- Completed reload, in  0.810 seconds
Platform modules already initialized, skipping
Refreshing native plugins compatible for Editor in 0.65 ms, found 3 plugins.
Preloading 0 native plugins for Editor in 0.00 ms.
Unloading 2128 Unused Serialized files (Serialized files now loaded: 0)
System memory in use before: 97.5 MB.
System memory in use after: 97.7 MB.

Unloading 14 unused Assets to reduce memory usage. Loaded Objects now: 2595.
Total: 2.790800 ms (FindLiveObjects: 0.283800 ms CreateObjectMapping: 0.055200 ms MarkObjects: 2.428500 ms  DeleteObjects: 0.021400 ms)

========================================================================
Received Prepare
Registering precompiled user dll's ...
Registered in 0.001982 seconds.
Begin MonoManager ReloadAssembly
Native extension for LinuxStandalone target not found
Native extension for WindowsStandalone target not found
Native extension for WebGL target not found
Refreshing native plugins compatible for Editor in 0.62 ms, found 3 plugins.
Preloading 0 native plugins for Editor in 0.00 ms.
Mono: successfully reloaded assembly
- Completed reload, in  0.820 seconds
Platform modules already initialized, skipping
Refreshing native plugins compatible for Editor in 0.63 ms, found 3 plugins.
Preloading 0 native plugins for Editor in 0.00 ms.
Unloading 2128 Unused Serialized files (Serialized files now loaded: 0)
System memory in use before: 97.5 MB.
System memory in use after: 97.7 MB.

Unloading 14 unused Assets to reduce memory usage. Loaded Objects now: 2598.
Total: 2.303300 ms (FindLiveObjects: 0.285500 ms CreateObjectMapping: 0.050400 ms MarkObjects: 1.949800 ms  DeleteObjects: 0.015900 ms)

========================================================================
Received Import Request.
  Time since last request: 453.579533 seconds.
  path: Assets/Scripts/Moneda.cs
  artifactKey: Guid(ec34e0690ed2b5d4fbf3d8a324d3cc96) Importer(815301076,1909f56bfc062723c751e8b465ee728b)
Start importing Assets/Scripts/Moneda.cs using Guid(ec34e0690ed2b5d4fbf3d8a324d3cc96) Importer(815301076,1909f56bfc062723c751e8b465ee728b)  -> (artifact id: '901f2e368e1e63be02c413a920d84e00') in 0.004294 seconds
  Import took 0.007235 seconds .

========================================================================
Received Prepare
Registering precompiled user dll's ...
Registered in 0.001689 seconds.
Begin MonoManager ReloadAssembly
Native extension for LinuxStandalone target not found
Native extension for WindowsStandalone target not found
Native extension for WebGL target not found
Refreshing native plugins compatible for Editor in 0.62 ms, found 3 plugins.
Preloading 0 native plugins for Editor in 0.00 ms.
Mono: successfully reloaded assembly
- Completed reload, in  0.820 seconds
Platform modules already initialized, skipping
Refreshing native plugins compatible for Editor in 0.68 ms, found 3 plugins.
Preloading 0 native plugins for Editor in 0.00 ms.
Unloading 2128 Unused Serialized files (Serialized files now loaded: 0)
System memory in use before: 97.6 MB.
System memory in use after: 97.7 MB.

Unloading 14 unused Assets to reduce memory usage. Loaded Objects now: 2601.
Total: 2.120000 ms (FindLiveObjects: 0.260700 ms CreateObjectMapping: 0.049100 ms MarkObjects: 1.793500 ms  DeleteObjects: 0.015600 ms)

========================================================================
Received Prepare
Registering precompiled user dll's ...
Registered in 0.001879 seconds.
Begin MonoManager ReloadAssembly
Native extension for LinuxStandalone target not found
Native extension for WindowsStandalone target not found
Native extension for WebGL target not found
Refreshing native plugins compatible for Editor in 0.69 ms, found 3 plugins.
Preloading 0 native plugins for Editor in 0.00 ms.
Mono: successfully reloaded assembly
- Completed reload, in  0.849 seconds
Platform modules already initialized, skipping
Refreshing native plugins compatible for Editor in 0.64 ms, found 3 plugins.
Preloading 0 native plugins for Editor in 0.00 ms.
Unloading 2128 Unused Serialized files (Serialized files now loaded: 0)
System memory in use before: 97.6 MB.
System memory in use after: 97.7 MB.

Unloading 14 unused Assets to reduce memory usage. Loaded Objects now: 2604.
Total: 2.146700 ms (FindLiveObjects: 0.228200 ms CreateObjectMapping: 0.048500 ms MarkObjects: 1.853600 ms  DeleteObjects: 0.015400 ms)

========================================================================
Received Prepare
Registering precompiled user dll's ...
Registered in 0.001564 seconds.
Begin MonoManager ReloadAssembly
Native extension for LinuxStandalone target not found
Native extension for WindowsStandalone target not found
Native extension for WebGL target not found
Refreshing native plugins compatible for Editor in 0.72 ms, found 3 plugins.
Preloading 0 native plugins for Editor in 0.00 ms.
Mono: successfully reloaded assembly
- Completed reload, in  0.792 seconds
Platform modules already initialized, skipping
Refreshing native plugins compatible for Editor in 0.64 ms, found 3 plugins.
Preloading 0 native plugins for Editor in 0.00 ms.
Unloading 2128 Unused Serialized files (Serialized files now loaded: 0)
System memory in use before: 97.6 MB.
System memory in use after: 97.7 MB.

Unloading 14 unused Assets to reduce memory usage. Loaded Objects now: 2607.
Total: 2.168800 ms (FindLiveObjects: 0.215300 ms CreateObjectMapping: 0.048200 ms MarkObjects: 1.888700 ms  DeleteObjects: 0.015500 ms)

========================================================================
Received Import Request.
  Time since last request: 1356.337301 seconds.
  path: Assets/Moneda.prefab
  artifactKey: Guid(87d12330d3b792742b0063a1a5cc5721) Importer(815301076,1909f56bfc062723c751e8b465ee728b)
Start importing Assets/Moneda.prefab using Guid(87d12330d3b792742b0063a1a5cc5721) Importer(815301076,1909f56bfc062723c751e8b465ee728b)  -> (artifact id: 'c3388acdd7da8d3d82ddf8f236aed31f') in 0.054906 seconds
  Import took 0.058803 seconds .

========================================================================
Received Import Request.
  Time since last request: 404.196027 seconds.
  path: Assets/Moneda.asset
  artifactKey: Guid(dcb9aa86139a66c43936aac3af6bc2bf) Importer(815301076,1909f56bfc062723c751e8b465ee728b)
Start importing Assets/Moneda.asset using Guid(dcb9aa86139a66c43936aac3af6bc2bf) Importer(815301076,1909f56bfc062723c751e8b465ee728b)  -> (artifact id: '3eda06f0a751246071bdbe289057d7e5') in 0.011679 seconds
  Import took 0.033150 seconds .

========================================================================
Received Import Request.
  Time since last request: 1352.785240 seconds.
  path: Assets/Raleway-Medium.ttf
  artifactKey: Guid(1643904ee1f39b1419e32878aa0b39a2) Importer(815301076,1909f56bfc062723c751e8b465ee728b)
Start importing Assets/Raleway-Medium.ttf using Guid(1643904ee1f39b1419e32878aa0b39a2) Importer(815301076,1909f56bfc062723c751e8b465ee728b)  -> (artifact id: '6ddb82418e9351153708c308a76498c0') in 0.044424 seconds
  Import took 0.048207 seconds .

========================================================================
Received Import Request.
  Time since last request: 145.484204 seconds.
  path: Assets/Raleway-Medium 1.ttf
  artifactKey: Guid(988f8b677828f8347a0c71c77e03eff3) Importer(815301076,1909f56bfc062723c751e8b465ee728b)
Start importing Assets/Raleway-Medium 1.ttf using Guid(988f8b677828f8347a0c71c77e03eff3) Importer(815301076,1909f56bfc062723c751e8b465ee728b)  -> (artifact id: '9447b31cd0580134ce182960fc6cb495') in 0.014611 seconds
  Import took 0.018503 seconds .

========================================================================
Received Import Request.
  Time since last request: 286.519486 seconds.
  path: Assets/Fuentes
  artifactKey: Guid(63adfc6eb9762f2448f4b3f59d350103) Importer(815301076,1909f56bfc062723c751e8b465ee728b)
Start importing Assets/Fuentes using Guid(63adfc6eb9762f2448f4b3f59d350103) Importer(815301076,1909f56bfc062723c751e8b465ee728b)  -> (artifact id: '5c448c638a8961cb2c4defc65330216d') in 0.006251 seconds
  Import took 0.009859 seconds .

========================================================================
Received Import Request.
  Time since last request: 2.833141 seconds.
  path: Assets/Fuentes/Raleway-Medium 1 SDF.asset
  artifactKey: Guid(b3d9fa7ac1ca4df4fb8444328970104d) Importer(815301076,1909f56bfc062723c751e8b465ee728b)
Start importing Assets/Fuentes/Raleway-Medium 1 SDF.asset using Guid(b3d9fa7ac1ca4df4fb8444328970104d) Importer(815301076,1909f56bfc062723c751e8b465ee728b) Shader 'TextMeshPro/Distance Field': fallback shader 'TextMeshPro/Mobile/Distance Field' not found
 -> (artifact id: '497a4ae39607d0873a51423aa6980924') in 0.039108 seconds
  Import took 0.042662 seconds .

========================================================================
Received Import Request.
  Time since last request: 894.237902 seconds.
  path: Assets/Scripts/GameManager.cs
  artifactKey: Guid(af15c4d933d31594a834caeacd55ab22) Importer(815301076,1909f56bfc062723c751e8b465ee728b)
Start importing Assets/Scripts/GameManager.cs using Guid(af15c4d933d31594a834caeacd55ab22) Importer(815301076,1909f56bfc062723c751e8b465ee728b)  -> (artifact id: '26cf6b227bfd81fbc5a68c1f3ba841be') in 0.006559 seconds
  Import took 0.010326 seconds .

========================================================================
Received Prepare
Registering precompiled user dll's ...
Registered in 0.001801 seconds.
Begin MonoManager ReloadAssembly
Native extension for LinuxStandalone target not found
Native extension for WindowsStandalone target not found
Native extension for WebGL target not found
Refreshing native plugins compatible for Editor in 0.84 ms, found 3 plugins.
Preloading 0 native plugins for Editor in 0.00 ms.
Mono: successfully reloaded assembly
- Completed reload, in  0.835 seconds
Platform modules already initialized, skipping
Refreshing native plugins compatible for Editor in 0.63 ms, found 3 plugins.
Preloading 0 native plugins for Editor in 0.00 ms.
Unloading 2142 Unused Serialized files (Serialized files now loaded: 0)
System memory in use before: 100.1 MB.
System memory in use after: 99.7 MB.

Unloading 25 unused Assets to reduce memory usage. Loaded Objects now: 2651.
Total: 2.388700 ms (FindLiveObjects: 0.227900 ms CreateObjectMapping: 0.048200 ms MarkObjects: 1.848100 ms  DeleteObjects: 0.263600 ms)

========================================================================
Received Import Request.
  Time since last request: 822.941952 seconds.
  path: Assets/Scripts/GameManager.cs
  artifactKey: Guid(af15c4d933d31594a834caeacd55ab22) Importer(815301076,1909f56bfc062723c751e8b465ee728b)
Start importing Assets/Scripts/GameManager.cs using Guid(af15c4d933d31594a834caeacd55ab22) Importer(815301076,1909f56bfc062723c751e8b465ee728b)  -> (artifact id: 'e49183e95d360606f143d75fb453c661') in 0.005687 seconds
  Import took 0.009539 seconds .

========================================================================
Received Prepare
Registering precompiled user dll's ...
Registered in 0.001970 seconds.
Begin MonoManager ReloadAssembly
Native extension for LinuxStandalone target not found
Native extension for WindowsStandalone target not found
Native extension for WebGL target not found
Refreshing native plugins compatible for Editor in 0.63 ms, found 3 plugins.
Preloading 0 native plugins for Editor in 0.00 ms.
Mono: successfully reloaded assembly
- Completed reload, in  0.829 seconds
Platform modules already initialized, skipping
Refreshing native plugins compatible for Editor in 0.65 ms, found 3 plugins.
Preloading 0 native plugins for Editor in 0.00 ms.
Unloading 2140 Unused Serialized files (Serialized files now loaded: 0)
System memory in use before: 99.9 MB.
System memory in use after: 99.5 MB.

Unloading 25 unused Assets to reduce memory usage. Loaded Objects now: 2654.
Total: 2.814800 ms (FindLiveObjects: 0.257400 ms CreateObjectMapping: 0.059500 ms MarkObjects: 2.130600 ms  DeleteObjects: 0.366100 ms)

========================================================================
Received Prepare
Registering precompiled user dll's ...
Registered in 0.001792 seconds.
Begin MonoManager ReloadAssembly
Native extension for LinuxStandalone target not found
Native extension for WindowsStandalone target not found
Native extension for WebGL target not found
Refreshing native plugins compatible for Editor in 0.80 ms, found 3 plugins.
Preloading 0 native plugins for Editor in 0.00 ms.
Mono: successfully reloaded assembly
- Completed reload, in  0.832 seconds
Platform modules already initialized, skipping
Refreshing native plugins compatible for Editor in 0.64 ms, found 3 plugins.
Preloading 0 native plugins for Editor in 0.00 ms.
Unloading 2140 Unused Serialized files (Serialized files now loaded: 0)
System memory in use before: 100.0 MB.
System memory in use after: 99.5 MB.

Unloading 25 unused Assets to reduce memory usage. Loaded Objects now: 2657.
Total: 2.731600 ms (FindLiveObjects: 0.221300 ms CreateObjectMapping: 0.124800 ms MarkObjects: 2.090700 ms  DeleteObjects: 0.294000 ms)

========================================================================
Received Import Request.
  Time since last request: 926.996174 seconds.
  path: Assets/Moneda.prefab
  artifactKey: Guid(87d12330d3b792742b0063a1a5cc5721) Importer(815301076,1909f56bfc062723c751e8b465ee728b)
Start importing Assets/Moneda.prefab using Guid(87d12330d3b792742b0063a1a5cc5721) Importer(815301076,1909f56bfc062723c751e8b465ee728b)  -> (artifact id: 'bdd150a8d18f4dc813911b06f263e637') in 0.049902 seconds
  Import took 0.053155 seconds .

========================================================================
Received Import Request.
  Time since last request: 45.768896 seconds.
  path: Assets/Moneda.prefab
  artifactKey: Guid(87d12330d3b792742b0063a1a5cc5721) Importer(815301076,1909f56bfc062723c751e8b465ee728b)
Start importing Assets/Moneda.prefab using Guid(87d12330d3b792742b0063a1a5cc5721) Importer(815301076,1909f56bfc062723c751e8b465ee728b)  -> (artifact id: '31f37ceb8132d418f1e76b5190975f23') in 0.011297 seconds
  Import took 0.014771 seconds .

========================================================================
Received Prepare
Registering precompiled user dll's ...
Registered in 0.001839 seconds.
Begin MonoManager ReloadAssembly
Native extension for LinuxStandalone target not found
Native extension for WindowsStandalone target not found
Native extension for WebGL target not found
Refreshing native plugins compatible for Editor in 0.78 ms, found 3 plugins.
Preloading 0 native plugins for Editor in 0.00 ms.
Mono: successfully reloaded assembly
- Completed reload, in  0.804 seconds
Platform modules already initialized, skipping
Refreshing native plugins compatible for Editor in 0.63 ms, found 3 plugins.
Preloading 0 native plugins for Editor in 0.00 ms.
Unloading 2140 Unused Serialized files (Serialized files now loaded: 0)
System memory in use before: 100.0 MB.
System memory in use after: 99.5 MB.

Unloading 25 unused Assets to reduce memory usage. Loaded Objects now: 2661.
Total: 2.421300 ms (FindLiveObjects: 0.236500 ms CreateObjectMapping: 0.049500 ms MarkObjects: 1.846500 ms  DeleteObjects: 0.287600 ms)

========================================================================
Received Prepare
Registering precompiled user dll's ...
Registered in 0.002123 seconds.
Begin MonoManager ReloadAssembly
Native extension for LinuxStandalone target not found
Native extension for WindowsStandalone target not found
Native extension for WebGL target not found
Refreshing native plugins compatible for Editor in 0.65 ms, found 3 plugins.
Preloading 0 native plugins for Editor in 0.00 ms.
Mono: successfully reloaded assembly
- Completed reload, in  0.795 seconds
Platform modules already initialized, skipping
Refreshing native plugins compatible for Editor in 0.65 ms, found 3 plugins.
Preloading 0 native plugins for Editor in 0.00 ms.
Unloading 2140 Unused Serialized files (Serialized files now loaded: 0)
System memory in use before: 100.0 MB.
System memory in use after: 99.6 MB.

Unloading 25 unused Assets to reduce memory usage. Loaded Objects now: 2664.
Total: 2.479800 ms (FindLiveObjects: 0.265900 ms CreateObjectMapping: 0.052800 ms MarkObjects: 1.869300 ms  DeleteObjects: 0.290800 ms)

========================================================================
Received Import Request.
  Time since last request: 395.560767 seconds.
  path: Assets/Tilemaps/Agua.asset
  artifactKey: Guid(f83cdea80711eff47b6ccffd1cc4f94e) Importer(815301076,1909f56bfc062723c751e8b465ee728b)
Start importing Assets/Tilemaps/Agua.asset using Guid(f83cdea80711eff47b6ccffd1cc4f94e) Importer(815301076,1909f56bfc062723c751e8b465ee728b)  -> (artifact id: '0fb294efbf2dee9592811e312aa14d83') in 0.016878 seconds
  Import took 0.020118 seconds .

========================================================================
Received Import Request.
  Time since last request: 168.991679 seconds.
  path: Assets/BayatGames/Free Platform Game Assets/Water Animation/2D view ( Update 1.9 )/128x128/1-1x.png
  artifactKey: Guid(f79882f6d0651fe4ea92b2a889f628bb) Importer(815301076,1909f56bfc062723c751e8b465ee728b)
Start importing Assets/BayatGames/Free Platform Game Assets/Water Animation/2D view ( Update 1.9 )/128x128/1-1x.png using Guid(f79882f6d0651fe4ea92b2a889f628bb) Importer(815301076,1909f56bfc062723c751e8b465ee728b)  -> (artifact id: 'cb9be35d32eaaa2d7ad8d11b879fa512') in 0.440655 seconds
  Import took 0.444334 seconds .

========================================================================
Received Import Request.
  Time since last request: 0.000164 seconds.
  path: Assets/BayatGames/Free Platform Game Assets/Water Animation/2D view ( Update 1.9 )/128x128/11-1x.png
  artifactKey: Guid(d13bb2383d774344f8586871dde5811f) Importer(815301076,1909f56bfc062723c751e8b465ee728b)
Start importing Assets/BayatGames/Free Platform Game Assets/Water Animation/2D view ( Update 1.9 )/128x128/11-1x.png using Guid(d13bb2383d774344f8586871dde5811f) Importer(815301076,1909f56bfc062723c751e8b465ee728b)  -> (artifact id: '8878cf154df532c59c887a40cd9ebd55') in 0.046846 seconds
  Import took 0.049572 seconds .

========================================================================
Received Import Request.
  Time since last request: 0.000295 seconds.
  path: Assets/BayatGames/Free Platform Game Assets/Water Animation/2D view ( Update 1.9 )/128x128/2-1x.png
  artifactKey: Guid(b69554fda46af624a8951f96e6f6c17c) Importer(815301076,1909f56bfc062723c751e8b465ee728b)
Start importing Assets/BayatGames/Free Platform Game Assets/Water Animation/2D view ( Update 1.9 )/128x128/2-1x.png using Guid(b69554fda46af624a8951f96e6f6c17c) Importer(815301076,1909f56bfc062723c751e8b465ee728b)  -> (artifact id: 'de72fbd3f4cb65f430bf3d41d0e5a64b') in 0.040067 seconds
  Import took 0.043432 seconds .

========================================================================
Received Import Request.
  Time since last request: 0.000228 seconds.
  path: Assets/BayatGames/Free Platform Game Assets/Water Animation/2D view ( Update 1.9 )/128x128/3-1x.png
  artifactKey: Guid(a260582f938233d49a933e9a0a9b84bc) Importer(815301076,1909f56bfc062723c751e8b465ee728b)
Start importing Assets/BayatGames/Free Platform Game Assets/Water Animation/2D view ( Update 1.9 )/128x128/3-1x.png using Guid(a260582f938233d49a933e9a0a9b84bc) Importer(815301076,1909f56bfc062723c751e8b465ee728b)  -> (artifact id: '893e906b1ec880be336e44625fb14311') in 0.037526 seconds
  Import took 0.040815 seconds .

========================================================================
Received Import Request.
  Time since last request: 0.000214 seconds.
  path: Assets/BayatGames/Free Platform Game Assets/Water Animation/2D view ( Update 1.9 )/128x128/10-1x.png
  artifactKey: Guid(8850c8a40338c844ca8c39077744bd1c) Importer(815301076,1909f56bfc062723c751e8b465ee728b)
Start importing Assets/BayatGames/Free Platform Game Assets/Water Animation/2D view ( Update 1.9 )/128x128/10-1x.png using Guid(8850c8a40338c844ca8c39077744bd1c) Importer(815301076,1909f56bfc062723c751e8b465ee728b)  -> (artifact id: 'e8b306fb3aae2c12c92c754807aaf413') in 0.088727 seconds
  Import took 0.091477 seconds .

========================================================================
Received Import Request.
  Time since last request: 0.000169 seconds.
  path: Assets/BayatGames/Free Platform Game Assets/Water Animation/2D view ( Update 1.9 )/128x128/13-1x.png
  artifactKey: Guid(9ea98cc38166f1841bd685d98a80eaf0) Importer(815301076,1909f56bfc062723c751e8b465ee728b)
Start importing Assets/BayatGames/Free Platform Game Assets/Water Animation/2D view ( Update 1.9 )/128x128/13-1x.png using Guid(9ea98cc38166f1841bd685d98a80eaf0) Importer(815301076,1909f56bfc062723c751e8b465ee728b)  -> (artifact id: '1e740b147004fdc537df55f6ed27b832') in 0.039856 seconds
  Import took 0.042714 seconds .

========================================================================
Received Import Request.
  Time since last request: 0.000215 seconds.
  path: Assets/BayatGames/Free Platform Game Assets/Water Animation/2D view ( Update 1.9 )/128x128/4-1x.png
  artifactKey: Guid(3bcc6fb68bf9d0949bea65a2e5663f96) Importer(815301076,1909f56bfc062723c751e8b465ee728b)
Start importing Assets/BayatGames/Free Platform Game Assets/Water Animation/2D view ( Update 1.9 )/128x128/4-1x.png using Guid(3bcc6fb68bf9d0949bea65a2e5663f96) Importer(815301076,1909f56bfc062723c751e8b465ee728b)  -> (artifact id: 'bde86bfd4d8e552f61a7350bf9c0dddc') in 0.036298 seconds
  Import took 0.039151 seconds .

========================================================================
Received Import Request.
  Time since last request: 0.000203 seconds.
  path: Assets/BayatGames/Free Platform Game Assets/Water Animation/2D view ( Update 1.9 )/128x128/15-1x.png
  artifactKey: Guid(18bc0a66b0a09fb42b5f2526223fd314) Importer(815301076,1909f56bfc062723c751e8b465ee728b)
Start importing Assets/BayatGames/Free Platform Game Assets/Water Animation/2D view ( Update 1.9 )/128x128/15-1x.png using Guid(18bc0a66b0a09fb42b5f2526223fd314) Importer(815301076,1909f56bfc062723c751e8b465ee728b)  -> (artifact id: '8bda6ec6e720a90f7fb31527f629d69e') in 0.034751 seconds
  Import took 0.037695 seconds .

========================================================================
Received Import Request.
  Time since last request: 0.000208 seconds.
  path: Assets/BayatGames/Free Platform Game Assets/Water Animation/2D view ( Update 1.9 )/128x128/14-1x.png
  artifactKey: Guid(83c48acc044031b4586cd3a220adf2bc) Importer(815301076,1909f56bfc062723c751e8b465ee728b)
Start importing Assets/BayatGames/Free Platform Game Assets/Water Animation/2D view ( Update 1.9 )/128x128/14-1x.png using Guid(83c48acc044031b4586cd3a220adf2bc) Importer(815301076,1909f56bfc062723c751e8b465ee728b)  -> (artifact id: 'c96a0c931a4f7d794d95c20cc45c2562') in 0.063282 seconds
  Import took 0.066405 seconds .

========================================================================
Received Import Request.
  Time since last request: 0.000230 seconds.
  path: Assets/BayatGames/Free Platform Game Assets/Water Animation/2D view ( Update 1.9 )/128x128/16-1x.png
  artifactKey: Guid(cf8a41b3b2873ce40b14669e46079cae) Importer(815301076,1909f56bfc062723c751e8b465ee728b)
Start importing Assets/BayatGames/Free Platform Game Assets/Water Animation/2D view ( Update 1.9 )/128x128/16-1x.png using Guid(cf8a41b3b2873ce40b14669e46079cae) Importer(815301076,1909f56bfc062723c751e8b465ee728b)  -> (artifact id: '8d6807c44636736ae574a45c697cb377') in 0.108065 seconds
  Import took 0.110986 seconds .

========================================================================
Received Import Request.
  Time since last request: 0.000190 seconds.
  path: Assets/BayatGames/Free Platform Game Assets/Water Animation/2D view ( Update 1.9 )/128x128/8-1x.png
  artifactKey: Guid(e97fac510976a104ca32fd2bd632ff91) Importer(815301076,1909f56bfc062723c751e8b465ee728b)
Start importing Assets/BayatGames/Free Platform Game Assets/Water Animation/2D view ( Update 1.9 )/128x128/8-1x.png using Guid(e97fac510976a104ca32fd2bd632ff91) Importer(815301076,1909f56bfc062723c751e8b465ee728b)  -> (artifact id: '62c8908e13dea5f52c75412ebe629b9c') in 0.050608 seconds
  Import took 0.053395 seconds .

========================================================================
Received Import Request.
  Time since last request: 0.000205 seconds.
  path: Assets/BayatGames/Free Platform Game Assets/Water Animation/2D view ( Update 1.9 )/128x128/12-1x.png
  artifactKey: Guid(680ee6c7813178c4ab779c801a23c814) Importer(815301076,1909f56bfc062723c751e8b465ee728b)
Start importing Assets/BayatGames/Free Platform Game Assets/Water Animation/2D view ( Update 1.9 )/128x128/12-1x.png using Guid(680ee6c7813178c4ab779c801a23c814) Importer(815301076,1909f56bfc062723c751e8b465ee728b)  -> (artifact id: 'c2117d1b0072e074b8dc3f32b8ff2e90') in 0.032032 seconds
  Import took 0.034960 seconds .

========================================================================
Received Import Request.
  Time since last request: 0.000208 seconds.
  path: Assets/BayatGames/Free Platform Game Assets/Water Animation/2D view ( Update 1.9 )/128x128/6-1x.png
  artifactKey: Guid(1e802b47bfea50a47acf5f3b7ba3b16f) Importer(815301076,1909f56bfc062723c751e8b465ee728b)
Start importing Assets/BayatGames/Free Platform Game Assets/Water Animation/2D view ( Update 1.9 )/128x128/6-1x.png using Guid(1e802b47bfea50a47acf5f3b7ba3b16f) Importer(815301076,1909f56bfc062723c751e8b465ee728b)  -> (artifact id: '208e3f050bbdd2b8b925b5f01520e6f5') in 0.066854 seconds
  Import took 0.069594 seconds .

========================================================================
Received Import Request.
  Time since last request: 0.000196 seconds.
  path: Assets/BayatGames/Free Platform Game Assets/Water Animation/2D view ( Update 1.9 )/128x128/9-1x.png
  artifactKey: Guid(e74505abbd87d2940857da5004ef9bcc) Importer(815301076,1909f56bfc062723c751e8b465ee728b)
Start importing Assets/BayatGames/Free Platform Game Assets/Water Animation/2D view ( Update 1.9 )/128x128/9-1x.png using Guid(e74505abbd87d2940857da5004ef9bcc) Importer(815301076,1909f56bfc062723c751e8b465ee728b)  -> (artifact id: '221fb4fedc56c5be2ea6a5d8160a0426') in 0.041723 seconds
  Import took 0.044537 seconds .

========================================================================
Received Import Request.
  Time since last request: 0.000211 seconds.
  path: Assets/BayatGames/Free Platform Game Assets/Water Animation/2D view ( Update 1.9 )/128x128/5-1x.png
  artifactKey: Guid(84dbd18cbf052684a8ca8ae0d6726aba) Importer(815301076,1909f56bfc062723c751e8b465ee728b)
Start importing Assets/BayatGames/Free Platform Game Assets/Water Animation/2D view ( Update 1.9 )/128x128/5-1x.png using Guid(84dbd18cbf052684a8ca8ae0d6726aba) Importer(815301076,1909f56bfc062723c751e8b465ee728b)  -> (artifact id: 'bd4baf4ea0e719a4d692712adb891b55') in 0.058764 seconds
  Import took 0.061540 seconds .

========================================================================
Received Import Request.
  Time since last request: 0.000277 seconds.
  path: Assets/BayatGames/Free Platform Game Assets/Water Animation/2D view ( Update 1.9 )/128x128/7-1x.png
  artifactKey: Guid(a5b312117a0528c49b06fa3a96dfe236) Importer(815301076,1909f56bfc062723c751e8b465ee728b)
Start importing Assets/BayatGames/Free Platform Game Assets/Water Animation/2D view ( Update 1.9 )/128x128/7-1x.png using Guid(a5b312117a0528c49b06fa3a96dfe236) Importer(815301076,1909f56bfc062723c751e8b465ee728b)  -> (artifact id: 'acc0a02d4367d17430a0667c51049c4a') in 0.015438 seconds
  Import took 0.018960 seconds .

========================================================================
Received Import Request.
  Time since last request: 802.082169 seconds.
  path: Assets/BayatGames/Free Platform Game Assets/Water Animation/2D view ( Update 1.9 )/128x128/1-1x.png
  artifactKey: Guid(f79882f6d0651fe4ea92b2a889f628bb) Importer(815301076,1909f56bfc062723c751e8b465ee728b)
Start importing Assets/BayatGames/Free Platform Game Assets/Water Animation/2D view ( Update 1.9 )/128x128/1-1x.png using Guid(f79882f6d0651fe4ea92b2a889f628bb) Importer(815301076,1909f56bfc062723c751e8b465ee728b)  -> (artifact id: 'af058601190162a3b3fa0a80d73ae998') in 0.013160 seconds
  Import took 0.017069 seconds .

========================================================================
Received Import Request.
  Time since last request: 0.000188 seconds.
  path: Assets/BayatGames/Free Platform Game Assets/Water Animation/2D view ( Update 1.9 )/128x128/11-1x.png
  artifactKey: Guid(d13bb2383d774344f8586871dde5811f) Importer(815301076,1909f56bfc062723c751e8b465ee728b)
Start importing Assets/BayatGames/Free Platform Game Assets/Water Animation/2D view ( Update 1.9 )/128x128/11-1x.png using Guid(d13bb2383d774344f8586871dde5811f) Importer(815301076,1909f56bfc062723c751e8b465ee728b)  -> (artifact id: '1b2569e340d11695dd9bc84f636daecb') in 0.015671 seconds
  Import took 0.019243 seconds .

========================================================================
Received Import Request.
  Time since last request: 0.000211 seconds.
  path: Assets/BayatGames/Free Platform Game Assets/Water Animation/2D view ( Update 1.9 )/128x128/2-1x.png
  artifactKey: Guid(b69554fda46af624a8951f96e6f6c17c) Importer(815301076,1909f56bfc062723c751e8b465ee728b)
Start importing Assets/BayatGames/Free Platform Game Assets/Water Animation/2D view ( Update 1.9 )/128x128/2-1x.png using Guid(b69554fda46af624a8951f96e6f6c17c) Importer(815301076,1909f56bfc062723c751e8b465ee728b)  -> (artifact id: '7bd964aa1755086d2eb6bc16101ac733') in 0.012185 seconds
  Import took 0.015199 seconds .

========================================================================
Received Import Request.
  Time since last request: 0.000306 seconds.
  path: Assets/BayatGames/Free Platform Game Assets/Water Animation/2D view ( Update 1.9 )/128x128/3-1x.png
  artifactKey: Guid(a260582f938233d49a933e9a0a9b84bc) Importer(815301076,1909f56bfc062723c751e8b465ee728b)
Start importing Assets/BayatGames/Free Platform Game Assets/Water Animation/2D view ( Update 1.9 )/128x128/3-1x.png using Guid(a260582f938233d49a933e9a0a9b84bc) Importer(815301076,1909f56bfc062723c751e8b465ee728b)  -> (artifact id: '075287be170ba0aa01dc4d60c69e58b1') in 0.011763 seconds
  Import took 0.014760 seconds .

========================================================================
Received Import Request.
  Time since last request: 0.000201 seconds.
  path: Assets/BayatGames/Free Platform Game Assets/Water Animation/2D view ( Update 1.9 )/128x128/10-1x.png
  artifactKey: Guid(8850c8a40338c844ca8c39077744bd1c) Importer(815301076,1909f56bfc062723c751e8b465ee728b)
Start importing Assets/BayatGames/Free Platform Game Assets/Water Animation/2D view ( Update 1.9 )/128x128/10-1x.png using Guid(8850c8a40338c844ca8c39077744bd1c) Importer(815301076,1909f56bfc062723c751e8b465ee728b)  -> (artifact id: 'c3ded072f0f838f88854ec689eca6bcc') in 0.009007 seconds
  Import took 0.011923 seconds .

========================================================================
Received Import Request.
  Time since last request: 0.000207 seconds.
  path: Assets/BayatGames/Free Platform Game Assets/Water Animation/2D view ( Update 1.9 )/128x128/13-1x.png
  artifactKey: Guid(9ea98cc38166f1841bd685d98a80eaf0) Importer(815301076,1909f56bfc062723c751e8b465ee728b)
Start importing Assets/BayatGames/Free Platform Game Assets/Water Animation/2D view ( Update 1.9 )/128x128/13-1x.png using Guid(9ea98cc38166f1841bd685d98a80eaf0) Importer(815301076,1909f56bfc062723c751e8b465ee728b)  -> (artifact id: '87e197026684270b1e9aeae4e12506b0') in 0.015336 seconds
  Import took 0.018718 seconds .

========================================================================
Received Import Request.
  Time since last request: 0.000202 seconds.
  path: Assets/BayatGames/Free Platform Game Assets/Water Animation/2D view ( Update 1.9 )/128x128/4-1x.png
  artifactKey: Guid(3bcc6fb68bf9d0949bea65a2e5663f96) Importer(815301076,1909f56bfc062723c751e8b465ee728b)
Start importing Assets/BayatGames/Free Platform Game Assets/Water Animation/2D view ( Update 1.9 )/128x128/4-1x.png using Guid(3bcc6fb68bf9d0949bea65a2e5663f96) Importer(815301076,1909f56bfc062723c751e8b465ee728b)  -> (artifact id: 'ea6c2709a43bf6042181612a9e75edd2') in 0.043391 seconds
  Import took 0.046920 seconds .

========================================================================
Received Import Request.
  Time since last request: 0.000181 seconds.
  path: Assets/BayatGames/Free Platform Game Assets/Water Animation/2D view ( Update 1.9 )/128x128/15-1x.png
  artifactKey: Guid(18bc0a66b0a09fb42b5f2526223fd314) Importer(815301076,1909f56bfc062723c751e8b465ee728b)
Start importing Assets/BayatGames/Free Platform Game Assets/Water Animation/2D view ( Update 1.9 )/128x128/15-1x.png using Guid(18bc0a66b0a09fb42b5f2526223fd314) Importer(815301076,1909f56bfc062723c751e8b465ee728b)  -> (artifact id: '97e041a0848127b2f9a0cfc8a9e2872f') in 0.019470 seconds
  Import took 0.022458 seconds .

========================================================================
Received Import Request.
  Time since last request: 0.000183 seconds.
  path: Assets/BayatGames/Free Platform Game Assets/Water Animation/2D view ( Update 1.9 )/128x128/14-1x.png
  artifactKey: Guid(83c48acc044031b4586cd3a220adf2bc) Importer(815301076,1909f56bfc062723c751e8b465ee728b)
Start importing Assets/BayatGames/Free Platform Game Assets/Water Animation/2D view ( Update 1.9 )/128x128/14-1x.png using Guid(83c48acc044031b4586cd3a220adf2bc) Importer(815301076,1909f56bfc062723c751e8b465ee728b)  -> (artifact id: '1063e65f16c7331332e5e6a8960306b1') in 0.030441 seconds
  Import took 0.033381 seconds .

========================================================================
Received Import Request.
  Time since last request: 0.000229 seconds.
  path: Assets/BayatGames/Free Platform Game Assets/Water Animation/2D view ( Update 1.9 )/128x128/16-1x.png
  artifactKey: Guid(cf8a41b3b2873ce40b14669e46079cae) Importer(815301076,1909f56bfc062723c751e8b465ee728b)
Start importing Assets/BayatGames/Free Platform Game Assets/Water Animation/2D view ( Update 1.9 )/128x128/16-1x.png using Guid(cf8a41b3b2873ce40b14669e46079cae) Importer(815301076,1909f56bfc062723c751e8b465ee728b)  -> (artifact id: '217bf04cddb14f4b30911f32525606b3') in 0.014526 seconds
  Import took 0.017594 seconds .

========================================================================
Received Import Request.
  Time since last request: 0.000232 seconds.
  path: Assets/BayatGames/Free Platform Game Assets/Water Animation/2D view ( Update 1.9 )/128x128/8-1x.png
  artifactKey: Guid(e97fac510976a104ca32fd2bd632ff91) Importer(815301076,1909f56bfc062723c751e8b465ee728b)
Start importing Assets/BayatGames/Free Platform Game Assets/Water Animation/2D view ( Update 1.9 )/128x128/8-1x.png using Guid(e97fac510976a104ca32fd2bd632ff91) Importer(815301076,1909f56bfc062723c751e8b465ee728b)  -> (artifact id: 'b4e7e6b5a16f74d5a99eb64f0570569d') in 0.024239 seconds
  Import took 0.028636 seconds .

========================================================================
Received Import Request.
  Time since last request: 0.000203 seconds.
  path: Assets/BayatGames/Free Platform Game Assets/Water Animation/2D view ( Update 1.9 )/128x128/12-1x.png
  artifactKey: Guid(680ee6c7813178c4ab779c801a23c814) Importer(815301076,1909f56bfc062723c751e8b465ee728b)
Start importing Assets/BayatGames/Free Platform Game Assets/Water Animation/2D view ( Update 1.9 )/128x128/12-1x.png using Guid(680ee6c7813178c4ab779c801a23c814) Importer(815301076,1909f56bfc062723c751e8b465ee728b)  -> (artifact id: 'f992b4d6404ef664c5a8fdcf096a85ef') in 0.012843 seconds
  Import took 0.015980 seconds .

========================================================================
Received Import Request.
  Time since last request: 0.000217 seconds.
  path: Assets/BayatGames/Free Platform Game Assets/Water Animation/2D view ( Update 1.9 )/128x128/6-1x.png
  artifactKey: Guid(1e802b47bfea50a47acf5f3b7ba3b16f) Importer(815301076,1909f56bfc062723c751e8b465ee728b)
Start importing Assets/BayatGames/Free Platform Game Assets/Water Animation/2D view ( Update 1.9 )/128x128/6-1x.png using Guid(1e802b47bfea50a47acf5f3b7ba3b16f) Importer(815301076,1909f56bfc062723c751e8b465ee728b)  -> (artifact id: '5981b71c9f9a9589daab93703288cffa') in 0.027632 seconds
  Import took 0.031085 seconds .

========================================================================
Received Import Request.
  Time since last request: 0.000230 seconds.
  path: Assets/BayatGames/Free Platform Game Assets/Water Animation/2D view ( Update 1.9 )/128x128/9-1x.png
  artifactKey: Guid(e74505abbd87d2940857da5004ef9bcc) Importer(815301076,1909f56bfc062723c751e8b465ee728b)
Start importing Assets/BayatGames/Free Platform Game Assets/Water Animation/2D view ( Update 1.9 )/128x128/9-1x.png using Guid(e74505abbd87d2940857da5004ef9bcc) Importer(815301076,1909f56bfc062723c751e8b465ee728b)  -> (artifact id: '6652aa68e2ed9e18aac17da9dea7f841') in 0.021291 seconds
  Import took 0.024827 seconds .

========================================================================
Received Import Request.
  Time since last request: 0.000239 seconds.
  path: Assets/BayatGames/Free Platform Game Assets/Water Animation/2D view ( Update 1.9 )/128x128/5-1x.png
  artifactKey: Guid(84dbd18cbf052684a8ca8ae0d6726aba) Importer(815301076,1909f56bfc062723c751e8b465ee728b)
Start importing Assets/BayatGames/Free Platform Game Assets/Water Animation/2D view ( Update 1.9 )/128x128/5-1x.png using Guid(84dbd18cbf052684a8ca8ae0d6726aba) Importer(815301076,1909f56bfc062723c751e8b465ee728b)  -> (artifact id: 'a473e674f017e956152804bd48ea7696') in 0.011910 seconds
  Import took 0.015484 seconds .

========================================================================
Received Import Request.
  Time since last request: 0.000190 seconds.
  path: Assets/BayatGames/Free Platform Game Assets/Water Animation/2D view ( Update 1.9 )/128x128/7-1x.png
  artifactKey: Guid(a5b312117a0528c49b06fa3a96dfe236) Importer(815301076,1909f56bfc062723c751e8b465ee728b)
Start importing Assets/BayatGames/Free Platform Game Assets/Water Animation/2D view ( Update 1.9 )/128x128/7-1x.png using Guid(a5b312117a0528c49b06fa3a96dfe236) Importer(815301076,1909f56bfc062723c751e8b465ee728b)  -> (artifact id: '7e9a435940fdfbd20d9ca853d83f9bf4') in 0.016295 seconds
  Import took 0.019313 seconds .

========================================================================
Received Prepare
Registering precompiled user dll's ...
Registered in 0.002197 seconds.
Begin MonoManager ReloadAssembly
Native extension for LinuxStandalone target not found
Native extension for WindowsStandalone target not found
Native extension for WebGL target not found
Refreshing native plugins compatible for Editor in 0.64 ms, found 3 plugins.
Preloading 0 native plugins for Editor in 0.00 ms.
Mono: successfully reloaded assembly
- Completed reload, in  0.845 seconds
Platform modules already initialized, skipping
Refreshing native plugins compatible for Editor in 0.69 ms, found 3 plugins.
Preloading 0 native plugins for Editor in 0.00 ms.
Unloading 2140 Unused Serialized files (Serialized files now loaded: 0)
System memory in use before: 100.1 MB.
System memory in use after: 99.7 MB.

Unloading 25 unused Assets to reduce memory usage. Loaded Objects now: 2670.
Total: 2.688600 ms (FindLiveObjects: 0.257000 ms CreateObjectMapping: 0.050900 ms MarkObjects: 2.082600 ms  DeleteObjects: 0.297000 ms)

========================================================================
Received Prepare
Registering precompiled user dll's ...
Registered in 0.002542 seconds.
Begin MonoManager ReloadAssembly
Native extension for LinuxStandalone target not found
Native extension for WindowsStandalone target not found
Native extension for WebGL target not found
Refreshing native plugins compatible for Editor in 0.83 ms, found 3 plugins.
Preloading 0 native plugins for Editor in 0.00 ms.
Mono: successfully reloaded assembly
- Completed reload, in  0.812 seconds
Platform modules already initialized, skipping
Refreshing native plugins compatible for Editor in 0.72 ms, found 3 plugins.
Preloading 0 native plugins for Editor in 0.00 ms.
Unloading 2140 Unused Serialized files (Serialized files now loaded: 0)
System memory in use before: 100.1 MB.
System memory in use after: 99.7 MB.

Unloading 25 unused Assets to reduce memory usage. Loaded Objects now: 2673.
Total: 2.459500 ms (FindLiveObjects: 0.270800 ms CreateObjectMapping: 0.050700 ms MarkObjects: 1.842500 ms  DeleteObjects: 0.293200 ms)

========================================================================
Received Import Request.
  Time since last request: 747.959411 seconds.
  path: Assets/Scripts/Agua.cs
  artifactKey: Guid(00b692ebec6c2274f95ec2febb06b295) Importer(815301076,1909f56bfc062723c751e8b465ee728b)
Start importing Assets/Scripts/Agua.cs using Guid(00b692ebec6c2274f95ec2febb06b295) Importer(815301076,1909f56bfc062723c751e8b465ee728b)  -> (artifact id: '756526ea085a36815d8a8ab2c981c919') in 0.005443 seconds
  Import took 0.009253 seconds .

========================================================================
Received Prepare
Registering precompiled user dll's ...
Registered in 0.001690 seconds.
Begin MonoManager ReloadAssembly
Native extension for LinuxStandalone target not found
Native extension for WindowsStandalone target not found
Native extension for WebGL target not found
Refreshing native plugins compatible for Editor in 0.81 ms, found 3 plugins.
Preloading 0 native plugins for Editor in 0.00 ms.
Mono: successfully reloaded assembly
- Completed reload, in  0.845 seconds
Platform modules already initialized, skipping
Refreshing native plugins compatible for Editor in 0.65 ms, found 3 plugins.
Preloading 0 native plugins for Editor in 0.00 ms.
Unloading 2141 Unused Serialized files (Serialized files now loaded: 0)
System memory in use before: 100.2 MB.
System memory in use after: 99.7 MB.

Unloading 25 unused Assets to reduce memory usage. Loaded Objects now: 2677.
Total: 2.410000 ms (FindLiveObjects: 0.240400 ms CreateObjectMapping: 0.051900 ms MarkObjects: 1.833600 ms  DeleteObjects: 0.282400 ms)

========================================================================
Received Import Request.
  Time since last request: 312.493316 seconds.
  path: Assets/Scenes/SampleScene.unity
  artifactKey: Guid(2cda990e2423bbf4892e6590ba056729) Importer(815301076,1909f56bfc062723c751e8b465ee728b)
Start importing Assets/Scenes/SampleScene.unity using Guid(2cda990e2423bbf4892e6590ba056729) Importer(815301076,1909f56bfc062723c751e8b465ee728b)  -> (artifact id: 'd25adc7ff406e24fdfbf31525b85771e') in 0.015433 seconds
  Import took 0.018973 seconds .

========================================================================
Received Import Request.
  Time since last request: 35.324448 seconds.
  path: Assets/Scenes/SampleScene.unity
  artifactKey: Guid(2cda990e2423bbf4892e6590ba056729) Importer(815301076,1909f56bfc062723c751e8b465ee728b)
Start importing Assets/Scenes/SampleScene.unity using Guid(2cda990e2423bbf4892e6590ba056729) Importer(815301076,1909f56bfc062723c751e8b465ee728b)  -> (artifact id: 'b175d9d28eab3328e1bef3fe72f7a734') in 0.002016 seconds
  Import took 0.005118 seconds .

========================================================================
Received Import Request.
  Time since last request: 31.603214 seconds.
  path: Assets/Scenes/Nivel1.unity
  artifactKey: Guid(2cda990e2423bbf4892e6590ba056729) Importer(815301076,1909f56bfc062723c751e8b465ee728b)
Start importing Assets/Scenes/Nivel1.unity using Guid(2cda990e2423bbf4892e6590ba056729) Importer(815301076,1909f56bfc062723c751e8b465ee728b)  -> (artifact id: '9c782296f4fa4014f97e5319bd42ae90') in 0.005600 seconds
  Import took 0.008818 seconds .

========================================================================
Received Prepare
Registering precompiled user dll's ...
Registered in 0.002251 seconds.
Begin MonoManager ReloadAssembly
Native extension for LinuxStandalone target not found
Native extension for WindowsStandalone target not found
Native extension for WebGL target not found
Refreshing native plugins compatible for Editor in 0.64 ms, found 3 plugins.
Preloading 0 native plugins for Editor in 0.00 ms.
Mono: successfully reloaded assembly
- Completed reload, in  0.823 seconds
Platform modules already initialized, skipping
Refreshing native plugins compatible for Editor in 0.65 ms, found 3 plugins.
Preloading 0 native plugins for Editor in 0.00 ms.
Unloading 2141 Unused Serialized files (Serialized files now loaded: 0)
System memory in use before: 100.2 MB.
System memory in use after: 99.8 MB.

Unloading 25 unused Assets to reduce memory usage. Loaded Objects now: 2680.
Total: 2.440300 ms (FindLiveObjects: 0.239000 ms CreateObjectMapping: 0.054500 ms MarkObjects: 1.851800 ms  DeleteObjects: 0.293900 ms)

========================================================================
Received Prepare
Registering precompiled user dll's ...
Registered in 0.002324 seconds.
Begin MonoManager ReloadAssembly
Native extension for LinuxStandalone target not found
Native extension for WindowsStandalone target not found
Native extension for WebGL target not found
Refreshing native plugins compatible for Editor in 0.67 ms, found 3 plugins.
Preloading 0 native plugins for Editor in 0.00 ms.
Mono: successfully reloaded assembly
- Completed reload, in  0.823 seconds
Platform modules already initialized, skipping
Refreshing native plugins compatible for Editor in 0.65 ms, found 3 plugins.
Preloading 0 native plugins for Editor in 0.00 ms.
Unloading 2141 Unused Serialized files (Serialized files now loaded: 0)
System memory in use before: 100.2 MB.
System memory in use after: 99.8 MB.

Unloading 25 unused Assets to reduce memory usage. Loaded Objects now: 2683.
Total: 2.502700 ms (FindLiveObjects: 0.234800 ms CreateObjectMapping: 0.050600 ms MarkObjects: 1.921800 ms  DeleteObjects: 0.294100 ms)

========================================================================
Received Prepare
Registering precompiled user dll's ...
Registered in 0.002369 seconds.
Begin MonoManager ReloadAssembly
Native extension for LinuxStandalone target not found
Native extension for WindowsStandalone target not found
Native extension for WebGL target not found
Refreshing native plugins compatible for Editor in 0.70 ms, found 3 plugins.
Preloading 0 native plugins for Editor in 0.00 ms.
Mono: successfully reloaded assembly
- Completed reload, in  0.802 seconds
Platform modules already initialized, skipping
Refreshing native plugins compatible for Editor in 0.66 ms, found 3 plugins.
Preloading 0 native plugins for Editor in 0.00 ms.
Unloading 2141 Unused Serialized files (Serialized files now loaded: 0)
System memory in use before: 100.2 MB.
System memory in use after: 99.8 MB.

Unloading 25 unused Assets to reduce memory usage. Loaded Objects now: 2686.
Total: 3.203600 ms (FindLiveObjects: 0.286400 ms CreateObjectMapping: 0.059200 ms MarkObjects: 2.388100 ms  DeleteObjects: 0.468500 ms)

========================================================================
Received Prepare
Registering precompiled user dll's ...
Registered in 0.001703 seconds.
Begin MonoManager ReloadAssembly
Native extension for LinuxStandalone target not found
Native extension for WindowsStandalone target not found
Native extension for WebGL target not found
Refreshing native plugins compatible for Editor in 0.77 ms, found 3 plugins.
Preloading 0 native plugins for Editor in 0.00 ms.
Mono: successfully reloaded assembly
- Completed reload, in  0.815 seconds
Platform modules already initialized, skipping
Refreshing native plugins compatible for Editor in 0.64 ms, found 3 plugins.
Preloading 0 native plugins for Editor in 0.00 ms.
Unloading 2141 Unused Serialized files (Serialized files now loaded: 0)
System memory in use before: 100.2 MB.
System memory in use after: 99.8 MB.

Unloading 25 unused Assets to reduce memory usage. Loaded Objects now: 2689.
Total: 2.403800 ms (FindLiveObjects: 0.246800 ms CreateObjectMapping: 0.049100 ms MarkObjects: 1.817200 ms  DeleteObjects: 0.289700 ms)

========================================================================
Received Prepare
Registering precompiled user dll's ...
Registered in 0.001780 seconds.
Begin MonoManager ReloadAssembly
Native extension for LinuxStandalone target not found
Native extension for WindowsStandalone target not found
Native extension for WebGL target not found
Refreshing native plugins compatible for Editor in 0.66 ms, found 3 plugins.
Preloading 0 native plugins for Editor in 0.00 ms.
Mono: successfully reloaded assembly
- Completed reload, in  0.799 seconds
Platform modules already initialized, skipping
Refreshing native plugins compatible for Editor in 0.69 ms, found 3 plugins.
Preloading 0 native plugins for Editor in 0.00 ms.
Unloading 2141 Unused Serialized files (Serialized files now loaded: 0)
System memory in use before: 100.2 MB.
System memory in use after: 99.8 MB.

Unloading 25 unused Assets to reduce memory usage. Loaded Objects now: 2692.
Total: 2.634400 ms (FindLiveObjects: 0.234400 ms CreateObjectMapping: 0.049300 ms MarkObjects: 2.051000 ms  DeleteObjects: 0.298500 ms)

========================================================================
Received Prepare
Registering precompiled user dll's ...
Registered in 0.001624 seconds.
Begin MonoManager ReloadAssembly
Native extension for LinuxStandalone target not found
Native extension for WindowsStandalone target not found
Native extension for WebGL target not found
Refreshing native plugins compatible for Editor in 0.75 ms, found 3 plugins.
Preloading 0 native plugins for Editor in 0.00 ms.
Mono: successfully reloaded assembly
- Completed reload, in  0.831 seconds
Platform modules already initialized, skipping
Refreshing native plugins compatible for Editor in 0.64 ms, found 3 plugins.
Preloading 0 native plugins for Editor in 0.00 ms.
Unloading 2141 Unused Serialized files (Serialized files now loaded: 0)
System memory in use before: 100.2 MB.
System memory in use after: 99.8 MB.

Unloading 25 unused Assets to reduce memory usage. Loaded Objects now: 2695.
Total: 2.461500 ms (FindLiveObjects: 0.255400 ms CreateObjectMapping: 0.059500 ms MarkObjects: 1.848700 ms  DeleteObjects: 0.296900 ms)

========================================================================
Received Prepare
Registering precompiled user dll's ...
Registered in 0.001868 seconds.
Begin MonoManager ReloadAssembly
Native extension for LinuxStandalone target not found
Native extension for WindowsStandalone target not found
Native extension for WebGL target not found
Refreshing native plugins compatible for Editor in 1.18 ms, found 3 plugins.
Preloading 0 native plugins for Editor in 0.00 ms.
Mono: successfully reloaded assembly
- Completed reload, in  0.851 seconds
Platform modules already initialized, skipping
Refreshing native plugins compatible for Editor in 0.65 ms, found 3 plugins.
Preloading 0 native plugins for Editor in 0.00 ms.
Unloading 2141 Unused Serialized files (Serialized files now loaded: 0)
System memory in use before: 100.3 MB.
System memory in use after: 99.8 MB.

Unloading 25 unused Assets to reduce memory usage. Loaded Objects now: 2698.
Total: 2.960700 ms (FindLiveObjects: 0.229200 ms CreateObjectMapping: 0.048900 ms MarkObjects: 2.382400 ms  DeleteObjects: 0.299500 ms)

========================================================================
Received Prepare
Refreshing native plugins compatible for Editor in 2.73 ms, found 3 plugins.
Preloading 0 native plugins for Editor in 0.00 ms.
Unloading 23 Unused Serialized files (Serialized files now loaded: 0)
System memory in use before: 58.4 MB.
System memory in use after: 58.0 MB.

Unloading 23 unused Assets to reduce memory usage. Loaded Objects now: 2698.
Total: 2.547100 ms (FindLiveObjects: 0.256800 ms CreateObjectMapping: 0.051200 ms MarkObjects: 1.936500 ms  DeleteObjects: 0.301500 ms)

========================================================================
Received Import Request.
  Time since last request: 2272.054461 seconds.
  path: Assets/BayatGames/Free Platform Game Assets/Environments/New Details ( Update 1.9 )/8x/Flower-3.png
  artifactKey: Guid(b356bb7778e1fa248a61d541e70edad9) Importer(815301076,1909f56bfc062723c751e8b465ee728b)
Start importing Assets/BayatGames/Free Platform Game Assets/Environments/New Details ( Update 1.9 )/8x/Flower-3.png using Guid(b356bb7778e1fa248a61d541e70edad9) Importer(815301076,1909f56bfc062723c751e8b465ee728b)  -> (artifact id: '85ca9cc3ce9c6bc9ac020eb0a2fc11e7') in 0.075151 seconds
  Import took 0.078848 seconds .

========================================================================
Received Import Request.
  Time since last request: 9.196126 seconds.
  path: Assets/BayatGames/Free Platform Game Assets/Coin Animation/png/4x/Coin.png
  artifactKey: Guid(c1ce1be65fa901744898a224b57aa5aa) Importer(815301076,1909f56bfc062723c751e8b465ee728b)
Start importing Assets/BayatGames/Free Platform Game Assets/Coin Animation/png/4x/Coin.png using Guid(c1ce1be65fa901744898a224b57aa5aa) Importer(815301076,1909f56bfc062723c751e8b465ee728b)  -> (artifact id: '84a1631573a602f6623a1837aa082eb1') in 0.019367 seconds
  Import took 0.022903 seconds .

========================================================================
Received Import Request.
  Time since last request: 0.000585 seconds.
  path: Assets/BayatGames/Free Platform Game Assets/Coin Animation/png/4x/Coin.png
  artifactKey: Guid(c1ce1be65fa901744898a224b57aa5aa) Importer(815301076,1909f56bfc062723c751e8b465ee728b)
Start importing Assets/BayatGames/Free Platform Game Assets/Coin Animation/png/4x/Coin.png using Guid(c1ce1be65fa901744898a224b57aa5aa) Importer(815301076,1909f56bfc062723c751e8b465ee728b)  -> (artifact id: '84a1631573a602f6623a1837aa082eb1') in 0.038726 seconds
  Import took 0.042199 seconds .

========================================================================
Received Import Request.
  Time since last request: 4.552587 seconds.
  path: Assets/BayatGames/Free Platform Game Assets/Environments/Environments/png/All/4x/Asset 12.png
  artifactKey: Guid(4d105fdea99ea2b4491c3f67c6416958) Importer(815301076,1909f56bfc062723c751e8b465ee728b)
Start importing Assets/BayatGames/Free Platform Game Assets/Environments/Environments/png/All/4x/Asset 12.png using Guid(4d105fdea99ea2b4491c3f67c6416958) Importer(815301076,1909f56bfc062723c751e8b465ee728b)  -> (artifact id: 'f9a0907d3de055f69a897ed2e534ab85') in 0.018900 seconds
  Import took 0.022260 seconds .

========================================================================
Received Import Request.
  Time since last request: 0.002299 seconds.
  path: Assets/BayatGames/Free Platform Game Assets/Environments/Environments/png/All/4x/Asset 12.png
  artifactKey: Guid(4d105fdea99ea2b4491c3f67c6416958) Importer(815301076,1909f56bfc062723c751e8b465ee728b)
Start importing Assets/BayatGames/Free Platform Game Assets/Environments/Environments/png/All/4x/Asset 12.png using Guid(4d105fdea99ea2b4491c3f67c6416958) Importer(815301076,1909f56bfc062723c751e8b465ee728b)  -> (artifact id: 'f9a0907d3de055f69a897ed2e534ab85') in 0.009775 seconds
  Import took 0.012832 seconds .

========================================================================
Received Import Request.
  Time since last request: 0.713834 seconds.
  path: Assets/BayatGames/Free Platform Game Assets/Environments/Environments/png/All/1x/Asset 13.png
  artifactKey: Guid(d221730c01058aa478acf0e7cebf2925) Importer(815301076,1909f56bfc062723c751e8b465ee728b)
Start importing Assets/BayatGames/Free Platform Game Assets/Environments/Environments/png/All/1x/Asset 13.png using Guid(d221730c01058aa478acf0e7cebf2925) Importer(815301076,1909f56bfc062723c751e8b465ee728b)  -> (artifact id: '3a86ac7e9808692c7a834b052e7a64cc') in 0.046447 seconds
  Import took 0.050714 seconds .

========================================================================
Received Import Request.
  Time since last request: 0.001023 seconds.
  path: Assets/BayatGames/Free Platform Game Assets/Environments/Environments/png/All/1x/Asset 13.png
  artifactKey: Guid(d221730c01058aa478acf0e7cebf2925) Importer(815301076,1909f56bfc062723c751e8b465ee728b)
Start importing Assets/BayatGames/Free Platform Game Assets/Environments/Environments/png/All/1x/Asset 13.png using Guid(d221730c01058aa478acf0e7cebf2925) Importer(815301076,1909f56bfc062723c751e8b465ee728b)  -> (artifact id: '3a86ac7e9808692c7a834b052e7a64cc') in 0.031391 seconds
  Import took 0.034801 seconds .

========================================================================
Received Import Request.
  Time since last request: 0.787837 seconds.
  path: Assets/BayatGames/Free Platform Game Assets/Environments/Environments/png/All/2x/Asset 14.png
  artifactKey: Guid(748557b8dbecec641818c746fb730e52) Importer(815301076,1909f56bfc062723c751e8b465ee728b)
Start importing Assets/BayatGames/Free Platform Game Assets/Environments/Environments/png/All/2x/Asset 14.png using Guid(748557b8dbecec641818c746fb730e52) Importer(815301076,1909f56bfc062723c751e8b465ee728b)  -> (artifact id: '3293dd0dbfb43add9ebfbadbf27d7773') in 0.011961 seconds
  Import took 0.015321 seconds .

========================================================================
Received Import Request.
  Time since last request: 0.001457 seconds.
  path: Assets/BayatGames/Free Platform Game Assets/Environments/Environments/png/All/2x/Asset 14.png
  artifactKey: Guid(748557b8dbecec641818c746fb730e52) Importer(815301076,1909f56bfc062723c751e8b465ee728b)
Start importing Assets/BayatGames/Free Platform Game Assets/Environments/Environments/png/All/2x/Asset 14.png using Guid(748557b8dbecec641818c746fb730e52) Importer(815301076,1909f56bfc062723c751e8b465ee728b)  -> (artifact id: '3293dd0dbfb43add9ebfbadbf27d7773') in 0.006375 seconds
  Import took 0.009793 seconds .

========================================================================
Received Import Request.
  Time since last request: 5.037929 seconds.
  path: Assets/BayatGames/Free Platform Game Assets/Chests/New Chests ( Update 1.8.5 )/png/Separate/Model-1/2x/2-2x.png
  artifactKey: Guid(d2f2664bbd0314a4e9212307d6a3fdab) Importer(815301076,1909f56bfc062723c751e8b465ee728b)
Start importing Assets/BayatGames/Free Platform Game Assets/Chests/New Chests ( Update 1.8.5 )/png/Separate/Model-1/2x/2-2x.png using Guid(d2f2664bbd0314a4e9212307d6a3fdab) Importer(815301076,1909f56bfc062723c751e8b465ee728b)  -> (artifact id: 'b98f1aa75af2ed4412b0ce6a9317f196') in 0.029846 seconds
  Import took 0.033717 seconds .

========================================================================
Received Import Request.
  Time since last request: 0.002883 seconds.
  path: Assets/BayatGames/Free Platform Game Assets/Chests/New Chests ( Update 1.8.5 )/png/Separate/Model-1/2x/2-2x.png
  artifactKey: Guid(d2f2664bbd0314a4e9212307d6a3fdab) Importer(815301076,1909f56bfc062723c751e8b465ee728b)
Start importing Assets/BayatGames/Free Platform Game Assets/Chests/New Chests ( Update 1.8.5 )/png/Separate/Model-1/2x/2-2x.png using Guid(d2f2664bbd0314a4e9212307d6a3fdab) Importer(815301076,1909f56bfc062723c751e8b465ee728b)  -> (artifact id: 'b98f1aa75af2ed4412b0ce6a9317f196') in 0.006256 seconds
  Import took 0.009040 seconds .

========================================================================
Received Import Request.
  Time since last request: 1.967217 seconds.
  path: Assets/BayatGames/Free Platform Game Assets/Chests/New Chests ( Update 1.8.5 )/png/Separate/Model-1/1x/1-1x.png
  artifactKey: Guid(0df83e8524ff54548ab3b7a1ee0feb50) Importer(815301076,1909f56bfc062723c751e8b465ee728b)
Start importing Assets/BayatGames/Free Platform Game Assets/Chests/New Chests ( Update 1.8.5 )/png/Separate/Model-1/1x/1-1x.png using Guid(0df83e8524ff54548ab3b7a1ee0feb50) Importer(815301076,1909f56bfc062723c751e8b465ee728b)  -> (artifact id: 'ac4ec3a8257fc02abea8b095c8363556') in 0.012098 seconds
  Import took 0.015826 seconds .

========================================================================
Received Import Request.
  Time since last request: 0.000963 seconds.
  path: Assets/BayatGames/Free Platform Game Assets/Chests/New Chests ( Update 1.8.5 )/png/Separate/Model-1/1x/1-1x.png
  artifactKey: Guid(0df83e8524ff54548ab3b7a1ee0feb50) Importer(815301076,1909f56bfc062723c751e8b465ee728b)
Start importing Assets/BayatGames/Free Platform Game Assets/Chests/New Chests ( Update 1.8.5 )/png/Separate/Model-1/1x/1-1x.png using Guid(0df83e8524ff54548ab3b7a1ee0feb50) Importer(815301076,1909f56bfc062723c751e8b465ee728b)  -> (artifact id: 'ac4ec3a8257fc02abea8b095c8363556') in 0.006380 seconds
  Import took 0.009681 seconds .

========================================================================
Received Import Request.
  Time since last request: 2.274732 seconds.
  path: Assets/BayatGames/Free Platform Game Assets/Chests/New Chests ( Update 1.8.5 )/png/Separate/Model-1/4x/1-4x.png
  artifactKey: Guid(3be80395f95ffb04694877d1fa859186) Importer(815301076,1909f56bfc062723c751e8b465ee728b)
Start importing Assets/BayatGames/Free Platform Game Assets/Chests/New Chests ( Update 1.8.5 )/png/Separate/Model-1/4x/1-4x.png using Guid(3be80395f95ffb04694877d1fa859186) Importer(815301076,1909f56bfc062723c751e8b465ee728b)  -> (artifact id: '255faadaa50a94752ada4ecf83f21540') in 0.014814 seconds
  Import took 0.018239 seconds .

========================================================================
Received Import Request.
  Time since last request: 0.001161 seconds.
  path: Assets/BayatGames/Free Platform Game Assets/Chests/New Chests ( Update 1.8.5 )/png/Separate/Model-1/4x/1-4x.png
  artifactKey: Guid(3be80395f95ffb04694877d1fa859186) Importer(815301076,1909f56bfc062723c751e8b465ee728b)
Start importing Assets/BayatGames/Free Platform Game Assets/Chests/New Chests ( Update 1.8.5 )/png/Separate/Model-1/4x/1-4x.png using Guid(3be80395f95ffb04694877d1fa859186) Importer(815301076,1909f56bfc062723c751e8b465ee728b)  -> (artifact id: '255faadaa50a94752ada4ecf83f21540') in 0.006834 seconds
  Import took 0.010343 seconds .

========================================================================
Received Import Request.
  Time since last request: 0.789440 seconds.
  path: Assets/BayatGames/Free Platform Game Assets/Chests/New Chests ( Update 1.8.5 )/png/Separate/Model-1/2x/1-2x.png
  artifactKey: Guid(351abf0ea3f717641bda51db399aeb5a) Importer(815301076,1909f56bfc062723c751e8b465ee728b)
Start importing Assets/BayatGames/Free Platform Game Assets/Chests/New Chests ( Update 1.8.5 )/png/Separate/Model-1/2x/1-2x.png using Guid(351abf0ea3f717641bda51db399aeb5a) Importer(815301076,1909f56bfc062723c751e8b465ee728b)  -> (artifact id: 'e6c457575d5fd829bed5173ce6774c77') in 0.049946 seconds
  Import took 0.053414 seconds .

========================================================================
Received Import Request.
  Time since last request: 1.831290 seconds.
  path: Assets/BayatGames/Free Platform Game Assets/Chests/New Chests ( Update 1.8.5 )/png/Separate/Model-1/1x/4-1x.png
  artifactKey: Guid(0bac16c6886fe4d4eabae57fda070381) Importer(815301076,1909f56bfc062723c751e8b465ee728b)
Start importing Assets/BayatGames/Free Platform Game Assets/Chests/New Chests ( Update 1.8.5 )/png/Separate/Model-1/1x/4-1x.png using Guid(0bac16c6886fe4d4eabae57fda070381) Importer(815301076,1909f56bfc062723c751e8b465ee728b)  -> (artifact id: 'be2d0a86082d459ff36d927c8d343d00') in 0.023782 seconds
  Import took 0.027181 seconds .

========================================================================
Received Import Request.
  Time since last request: 0.001882 seconds.
  path: Assets/BayatGames/Free Platform Game Assets/Chests/New Chests ( Update 1.8.5 )/png/Separate/Model-1/1x/4-1x.png
  artifactKey: Guid(0bac16c6886fe4d4eabae57fda070381) Importer(815301076,1909f56bfc062723c751e8b465ee728b)
Start importing Assets/BayatGames/Free Platform Game Assets/Chests/New Chests ( Update 1.8.5 )/png/Separate/Model-1/1x/4-1x.png using Guid(0bac16c6886fe4d4eabae57fda070381) Importer(815301076,1909f56bfc062723c751e8b465ee728b)  -> (artifact id: 'be2d0a86082d459ff36d927c8d343d00') in 0.010306 seconds
  Import took 0.013912 seconds .

========================================================================
Received Import Request.
  Time since last request: 9.295911 seconds.
  path: Assets/BayatGames/Free Platform Game Assets/Chests/Chest/png/Separate/1x/1-1x.png
  artifactKey: Guid(933891f03a7cd884d9aa2fb57544a342) Importer(815301076,1909f56bfc062723c751e8b465ee728b)
Start importing Assets/BayatGames/Free Platform Game Assets/Chests/Chest/png/Separate/1x/1-1x.png using Guid(933891f03a7cd884d9aa2fb57544a342) Importer(815301076,1909f56bfc062723c751e8b465ee728b)  -> (artifact id: '37307bcbd0e7d15d1dc50452e99306c3') in 0.032414 seconds
  Import took 0.035743 seconds .

========================================================================
Received Import Request.
  Time since last request: 0.001066 seconds.
  path: Assets/BayatGames/Free Platform Game Assets/Chests/Chest/png/Separate/1x/1-1x.png
  artifactKey: Guid(933891f03a7cd884d9aa2fb57544a342) Importer(815301076,1909f56bfc062723c751e8b465ee728b)
Start importing Assets/BayatGames/Free Platform Game Assets/Chests/Chest/png/Separate/1x/1-1x.png using Guid(933891f03a7cd884d9aa2fb57544a342) Importer(815301076,1909f56bfc062723c751e8b465ee728b)  -> (artifact id: '37307bcbd0e7d15d1dc50452e99306c3') in 0.005387 seconds
  Import took 0.009076 seconds .

========================================================================
Received Prepare
Registering precompiled user dll's ...
Registered in 0.001828 seconds.
Begin MonoManager ReloadAssembly
Native extension for LinuxStandalone target not found
Native extension for WindowsStandalone target not found
Native extension for WebGL target not found
Refreshing native plugins compatible for Editor in 0.61 ms, found 3 plugins.
Preloading 0 native plugins for Editor in 0.00 ms.
Mono: successfully reloaded assembly
- Completed reload, in  0.847 seconds
Platform modules already initialized, skipping
Refreshing native plugins compatible for Editor in 0.65 ms, found 3 plugins.
Preloading 0 native plugins for Editor in 0.00 ms.
Unloading 2141 Unused Serialized files (Serialized files now loaded: 0)
System memory in use before: 100.4 MB.
System memory in use after: 100.1 MB.

Unloading 25 unused Assets to reduce memory usage. Loaded Objects now: 2712.
Total: 2.873400 ms (FindLiveObjects: 0.240800 ms CreateObjectMapping: 0.060100 ms MarkObjects: 2.272800 ms  DeleteObjects: 0.298800 ms)

========================================================================
Received Prepare
Registering precompiled user dll's ...
Registered in 0.001703 seconds.
Begin MonoManager ReloadAssembly
Native extension for LinuxStandalone target not found
Native extension for WindowsStandalone target not found
Native extension for WebGL target not found
Refreshing native plugins compatible for Editor in 0.63 ms, found 3 plugins.
Preloading 0 native plugins for Editor in 0.00 ms.
Mono: successfully reloaded assembly
- Completed reload, in  0.794 seconds
Platform modules already initialized, skipping
Refreshing native plugins compatible for Editor in 0.65 ms, found 3 plugins.
Preloading 0 native plugins for Editor in 0.00 ms.
Unloading 2141 Unused Serialized files (Serialized files now loaded: 0)
System memory in use before: 100.4 MB.
System memory in use after: 100.1 MB.

Unloading 25 unused Assets to reduce memory usage. Loaded Objects now: 2715.
Total: 2.489900 ms (FindLiveObjects: 0.274400 ms CreateObjectMapping: 0.059300 ms MarkObjects: 1.870200 ms  DeleteObjects: 0.285000 ms)

========================================================================
Received Prepare
Refreshing native plugins compatible for Editor in 2.38 ms, found 3 plugins.
Preloading 0 native plugins for Editor in 0.00 ms.
Unloading 23 Unused Serialized files (Serialized files now loaded: 0)
System memory in use before: 58.6 MB.
System memory in use after: 58.2 MB.

Unloading 23 unused Assets to reduce memory usage. Loaded Objects now: 2715.
Total: 2.746800 ms (FindLiveObjects: 0.262800 ms CreateObjectMapping: 0.057300 ms MarkObjects: 2.073000 ms  DeleteObjects: 0.352300 ms)

========================================================================
Received Prepare
Refreshing native plugins compatible for Editor in 2.68 ms, found 3 plugins.
Preloading 0 native plugins for Editor in 0.00 ms.
Unloading 23 Unused Serialized files (Serialized files now loaded: 0)
System memory in use before: 58.6 MB.
System memory in use after: 58.2 MB.

Unloading 23 unused Assets to reduce memory usage. Loaded Objects now: 2715.
Total: 2.988500 ms (FindLiveObjects: 0.274100 ms CreateObjectMapping: 0.055000 ms MarkObjects: 2.375100 ms  DeleteObjects: 0.282900 ms)

AssetImportWorkerClient::OnTransportError - code=2 error=End of file
